#
# There is insufficient memory for the Java Runtime Environment to continue.
# Native memory allocation (mmap) failed to map 76546048 bytes for G1 virtual space
# Possible reasons:
#   The system is out of physical RAM or swap space
#   The process is running with CompressedOops enabled, and the Java Heap may be blocking the growth of the native heap
# Possible solutions:
#   Reduce memory load on the system
#   Increase physical memory or swap space
#   Check if swap backing store is full
#   Decrease Java heap size (-Xmx/-Xms)
#   Decrease number of Java threads
#   Decrease Java thread stack sizes (-Xss)
#   Set larger code cache with -XX:ReservedCodeCacheSize=
#   JVM is running with Unscaled Compressed Oops mode in which the Java heap is
#     placed in the first 4GB address space. The Java Heap base address is the
#     maximum limit for the native heap growth. Please use -XX:HeapBaseMinAddress
#     to set the Java Heap base and to place the Java Heap above 4GB virtual address.
# This output file may be truncated or incomplete.
#
#  Out of Memory Error (os_windows.cpp:3550), pid=15780, tid=10560
#
# JRE version: Java(TM) SE Runtime Environment (17.0.6+9) (build 17.0.6+9-LTS-190)
# Java VM: Java HotSpot(TM) 64-Bit Server VM (17.0.6+9-LTS-190, mixed mode, sharing, tiered, compressed oops, compressed class ptrs, g1 gc, windows-amd64)
# No core dump will be written. Minidumps are not enabled by default on client versions of Windows
#

---------------  S U M M A R Y ------------

Command Line: -Dmaven.multiModuleProjectDirectory=C:\Daten\Entwicklung\mailservice -Dmaven.home=C:\Daten\Entwicklung\apache-maven-3.8.1 -Dclassworlds.conf=C:\Daten\Entwicklung\apache-maven-3.8.1\bin\m2.conf -Dmaven.ext.class.path=C:\Program Files\JetBrains\IntelliJ IDEA Community Edition 2020.3.2\plugins\maven\lib\maven-event-listener.jar -javaagent:C:\Program Files\JetBrains\IntelliJ IDEA Community Edition 2020.3.2\lib\idea_rt.jar=53708:C:\Program Files\JetBrains\IntelliJ IDEA Community Edition 2020.3.2\bin -Dfile.encoding=UTF-8 org.codehaus.classworlds.Launcher -Didea.version=2020.3.2 -DskipTests=true clean install

Host: Intel(R) Pentium(R) CPU 4415U @ 2.30GHz, 4 cores, 3G,  Windows 10 , 64 bit Build 19041 (10.0.19041.2913)
Time: Sun Aug  6 00:47:11 2023 Mitteleuropäische Sommerzeit elapsed time: 44.765034 seconds (0d 0h 0m 44s)

---------------  T H R E A D  ---------------

Current thread (0x00000228bb350a30):  VMThread "VM Thread" [stack: 0x000000ee7f600000,0x000000ee7f700000] [id=10560]

Stack: [0x000000ee7f600000,0x000000ee7f700000]
Native frames: (J=compiled Java code, j=interpreted, Vv=VM code, C=native code)
V  [jvm.dll+0x6734ea]
V  [jvm.dll+0x7d18f4]
V  [jvm.dll+0x7d309e]
V  [jvm.dll+0x7d3703]
V  [jvm.dll+0x2433c5]
V  [jvm.dll+0x6703f9]
V  [jvm.dll+0x664d32]
V  [jvm.dll+0x300086]
V  [jvm.dll+0x307606]
V  [jvm.dll+0x356c1e]
V  [jvm.dll+0x356e4f]
V  [jvm.dll+0x2d72e8]
V  [jvm.dll+0x2d57e5]
V  [jvm.dll+0x2d4dec]
V  [jvm.dll+0x31837b]
V  [jvm.dll+0x7d7f0b]
V  [jvm.dll+0x7d8c44]
V  [jvm.dll+0x7d915d]
V  [jvm.dll+0x7d9534]
V  [jvm.dll+0x7d9600]
V  [jvm.dll+0x781a7a]
V  [jvm.dll+0x672375]
C  [ucrtbase.dll+0x21bb2]
C  [KERNEL32.DLL+0x17614]
C  [ntdll.dll+0x526a1]

VM_Operation (0x000000ee7f0fce80): G1CollectForAllocation, mode: safepoint, requested by thread 0x000002289e202a90


---------------  P R O C E S S  ---------------

Threads class SMR info:
_java_thread_list=0x00000228bc750260, length=13, elements={
0x000002289e202a90, 0x00000228bb355630, 0x00000228bb35a8c0, 0x00000228bb368110,
0x00000228bb368cc0, 0x00000228bb36b680, 0x00000228bb370540, 0x00000228bb379230,
0x00000228bb379cd0, 0x00000228bb38f9e0, 0x00000228bc01f440, 0x00000228bc0de110,
0x00000228bc12bcc0
}

Java Threads: ( => current thread )
  0x000002289e202a90 JavaThread "main" [_thread_blocked, id=9488, stack(0x000000ee7f000000,0x000000ee7f100000)]
  0x00000228bb355630 JavaThread "Reference Handler" daemon [_thread_blocked, id=27636, stack(0x000000ee7f700000,0x000000ee7f800000)]
  0x00000228bb35a8c0 JavaThread "Finalizer" daemon [_thread_blocked, id=19900, stack(0x000000ee7f800000,0x000000ee7f900000)]
  0x00000228bb368110 JavaThread "Signal Dispatcher" daemon [_thread_blocked, id=5348, stack(0x000000ee7f900000,0x000000ee7fa00000)]
  0x00000228bb368cc0 JavaThread "Attach Listener" daemon [_thread_blocked, id=30184, stack(0x000000ee7fa00000,0x000000ee7fb00000)]
  0x00000228bb36b680 JavaThread "Service Thread" daemon [_thread_blocked, id=18408, stack(0x000000ee7fb00000,0x000000ee7fc00000)]
  0x00000228bb370540 JavaThread "Monitor Deflation Thread" daemon [_thread_blocked, id=28960, stack(0x000000ee7fc00000,0x000000ee7fd00000)]
  0x00000228bb379230 JavaThread "C2 CompilerThread0" daemon [_thread_blocked, id=21288, stack(0x000000ee7fd00000,0x000000ee7fe00000)]
  0x00000228bb379cd0 JavaThread "C1 CompilerThread0" daemon [_thread_blocked, id=28344, stack(0x000000ee7fe00000,0x000000ee7ff00000)]
  0x00000228bb38f9e0 JavaThread "Sweeper thread" daemon [_thread_blocked, id=24100, stack(0x000000ee7ff00000,0x000000ee80000000)]
  0x00000228bc01f440 JavaThread "Common-Cleaner" daemon [_thread_blocked, id=27208, stack(0x000000ee00000000,0x000000ee00100000)]
  0x00000228bc0de110 JavaThread "Monitor Ctrl-Break" daemon [_thread_in_native, id=4816, stack(0x000000ee00100000,0x000000ee00200000)]
  0x00000228bc12bcc0 JavaThread "Notification Thread" daemon [_thread_blocked, id=27004, stack(0x000000ee00200000,0x000000ee00300000)]

Other Threads:
=>0x00000228bb350a30 VMThread "VM Thread" [stack: 0x000000ee7f600000,0x000000ee7f700000] [id=10560]
  0x000002289e291250 WatcherThread [stack: 0x000000ee00300000,0x000000ee00400000] [id=21836]
  0x000002289e23d130 GCTaskThread "GC Thread#0" [stack: 0x000000ee7f100000,0x000000ee7f200000] [id=9332]
  0x00000228bcc11db0 GCTaskThread "GC Thread#1" [stack: 0x000000ee00400000,0x000000ee00500000] [id=18556]
  0x00000228bcc8f980 GCTaskThread "GC Thread#2" [stack: 0x000000ee00500000,0x000000ee00600000] [id=840]
  0x00000228bcc8fc30 GCTaskThread "GC Thread#3" [stack: 0x000000ee00600000,0x000000ee00700000] [id=10192]
  0x000002289e245cb0 ConcurrentGCThread "G1 Main Marker" [stack: 0x000000ee7f200000,0x000000ee7f300000] [id=11172]
  0x000002289e246e60 ConcurrentGCThread "G1 Conc#0" [stack: 0x000000ee7f300000,0x000000ee7f400000] [id=16396]
  0x000002289e2ce1a0 ConcurrentGCThread "G1 Refine#0" [stack: 0x000000ee7f400000,0x000000ee7f500000] [id=25296]
  0x00000228bcc4af20 ConcurrentGCThread "G1 Refine#1" [stack: 0x000000ee00700000,0x000000ee00800000] [id=11532]
  0x000002289e2cebc0 ConcurrentGCThread "G1 Service" [stack: 0x000000ee7f500000,0x000000ee7f600000] [id=23664]

Threads with active compile tasks:

VM state: at safepoint (normal execution)

VM Mutex/Monitor currently owned by a thread:  ([mutex/lock_event])
[0x000002289e1fd580] Threads_lock - owner thread: 0x00000228bb350a30
[0x000002289e1fc650] Heap_lock - owner thread: 0x000002289e202a90

Heap address: 0x00000000c1e00000, size: 994 MB, Compressed Oops mode: 32-bit

CDS archive(s) mapped at: [0x0000000800000000-0x0000000800bd0000-0x0000000800bd0000), size 12386304, SharedBaseAddress: 0x0000000800000000, ArchiveRelocationMode: 0.
Compressed class space mapped at: 0x0000000800c00000-0x0000000840c00000, reserved size: 1073741824
Narrow klass base: 0x0000000800000000, Narrow klass shift: 0, Narrow klass range: 0x100000000

GC Precious Log:
 CPUs: 4 total, 4 available
 Memory: 3970M
 Large Page Support: Disabled
 NUMA Support: Disabled
 Compressed Oops: Enabled (32-bit)
 Heap Region Size: 1M
 Heap Min Capacity: 8M
 Heap Initial Capacity: 64M
 Heap Max Capacity: 994M
 Pre-touch: Disabled
 Parallel Workers: 4
 Concurrent Workers: 1
 Concurrent Refinement Workers: 4
 Periodic GC: Disabled

Heap:
 garbage-first heap   total 70656K, used 38091K [0x00000000c1e00000, 0x0000000100000000)
  region size 1024K, 2 young (2048K), 2 survivors (2048K)
 Metaspace       used 28003K, committed 28352K, reserved 1081344K
  class space    used 3126K, committed 3264K, reserved 1048576K

Heap Regions: E=young(eden), S=young(survivor), O=old, HS=humongous(starts), HC=humongous(continues), CS=collection set, F=free, OA=open archive, CA=closed archive, TAMS=top-at-mark-start (previous, next)
|   0|0x00000000c1e00000, 0x00000000c1f00000, 0x00000000c1f00000|100%| O|  |TAMS 0x00000000c1f00000, 0x00000000c1f00000| Untracked 
|   1|0x00000000c1f00000, 0x00000000c2000000, 0x00000000c2000000|100%| O|  |TAMS 0x00000000c2000000, 0x00000000c2000000| Untracked 
|   2|0x00000000c2000000, 0x00000000c2100000, 0x00000000c2100000|100%| O|  |TAMS 0x00000000c2100000, 0x00000000c2100000| Untracked 
|   3|0x00000000c2100000, 0x00000000c2200000, 0x00000000c2200000|100%| O|  |TAMS 0x00000000c2200000, 0x00000000c2200000| Untracked 
|   4|0x00000000c2200000, 0x00000000c2300000, 0x00000000c2300000|100%| O|  |TAMS 0x00000000c2300000, 0x00000000c2300000| Untracked 
|   5|0x00000000c2300000, 0x00000000c2400000, 0x00000000c2400000|100%| O|  |TAMS 0x00000000c2400000, 0x00000000c2400000| Untracked 
|   6|0x00000000c2400000, 0x00000000c2500000, 0x00000000c2500000|100%| O|  |TAMS 0x00000000c2500000, 0x00000000c2500000| Untracked 
|   7|0x00000000c2500000, 0x00000000c2600000, 0x00000000c2600000|100%| O|  |TAMS 0x00000000c2600000, 0x00000000c2600000| Untracked 
|   8|0x00000000c2600000, 0x00000000c2700000, 0x00000000c2700000|100%| O|  |TAMS 0x00000000c2700000, 0x00000000c2700000| Untracked 
|   9|0x00000000c2700000, 0x00000000c2800000, 0x00000000c2800000|100%| O|  |TAMS 0x00000000c2800000, 0x00000000c2800000| Untracked 
|  10|0x00000000c2800000, 0x00000000c2900000, 0x00000000c2900000|100%| O|  |TAMS 0x00000000c2900000, 0x00000000c2900000| Untracked 
|  11|0x00000000c2900000, 0x00000000c2a00000, 0x00000000c2a00000|100%| O|  |TAMS 0x00000000c2a00000, 0x00000000c2a00000| Untracked 
|  12|0x00000000c2a00000, 0x00000000c2b00000, 0x00000000c2b00000|100%| O|  |TAMS 0x00000000c2b00000, 0x00000000c2b00000| Untracked 
|  13|0x00000000c2b00000, 0x00000000c2c00000, 0x00000000c2c00000|100%| O|  |TAMS 0x00000000c2c00000, 0x00000000c2c00000| Untracked 
|  14|0x00000000c2c00000, 0x00000000c2d00000, 0x00000000c2d00000|100%| O|  |TAMS 0x00000000c2d00000, 0x00000000c2d00000| Untracked 
|  15|0x00000000c2d00000, 0x00000000c2e00000, 0x00000000c2e00000|100%| O|  |TAMS 0x00000000c2e00000, 0x00000000c2e00000| Untracked 
|  16|0x00000000c2e00000, 0x00000000c2f00000, 0x00000000c2f00000|100%| O|  |TAMS 0x00000000c2f00000, 0x00000000c2f00000| Untracked 
|  17|0x00000000c2f00000, 0x00000000c3000000, 0x00000000c3000000|100%| O|  |TAMS 0x00000000c3000000, 0x00000000c3000000| Untracked 
|  18|0x00000000c3000000, 0x00000000c3100000, 0x00000000c3100000|100%| O|  |TAMS 0x00000000c3100000, 0x00000000c3100000| Untracked 
|  19|0x00000000c3100000, 0x00000000c3200000, 0x00000000c3200000|100%| O|  |TAMS 0x00000000c3200000, 0x00000000c3200000| Untracked 
|  20|0x00000000c3200000, 0x00000000c3300000, 0x00000000c3300000|100%| O|  |TAMS 0x00000000c3300000, 0x00000000c3300000| Untracked 
|  21|0x00000000c3300000, 0x00000000c3400000, 0x00000000c3400000|100%| O|  |TAMS 0x00000000c3300000, 0x00000000c3400000| Untracked 
|  22|0x00000000c3400000, 0x00000000c3500000, 0x00000000c3500000|100%| O|  |TAMS 0x00000000c3500000, 0x00000000c3500000| Untracked 
|  23|0x00000000c3500000, 0x00000000c3600000, 0x00000000c3600000|100%| O|  |TAMS 0x00000000c3596c00, 0x00000000c3600000| Untracked 
|  24|0x00000000c3600000, 0x00000000c3623600, 0x00000000c3700000| 13%| O|  |TAMS 0x00000000c3600000, 0x00000000c3623600| Untracked 
|  25|0x00000000c3700000, 0x00000000c3700000, 0x00000000c3800000|  0%| F|  |TAMS 0x00000000c3700000, 0x00000000c3700000| Untracked 
|  26|0x00000000c3800000, 0x00000000c3800000, 0x00000000c3900000|  0%| F|  |TAMS 0x00000000c3800000, 0x00000000c3800000| Untracked 
|  27|0x00000000c3900000, 0x00000000c3900000, 0x00000000c3a00000|  0%| F|  |TAMS 0x00000000c3900000, 0x00000000c3900000| Untracked 
|  28|0x00000000c3a00000, 0x00000000c3a00000, 0x00000000c3b00000|  0%| F|  |TAMS 0x00000000c3a00000, 0x00000000c3a00000| Untracked 
|  29|0x00000000c3b00000, 0x00000000c3b00000, 0x00000000c3c00000|  0%| F|  |TAMS 0x00000000c3b00000, 0x00000000c3b00000| Untracked 
|  30|0x00000000c3c00000, 0x00000000c3c00000, 0x00000000c3d00000|  0%| F|  |TAMS 0x00000000c3c00000, 0x00000000c3c00000| Untracked 
|  31|0x00000000c3d00000, 0x00000000c3e00000, 0x00000000c3e00000|100%| O|  |TAMS 0x00000000c3e00000, 0x00000000c3e00000| Untracked 
|  32|0x00000000c3e00000, 0x00000000c3f00000, 0x00000000c3f00000|100%| O|  |TAMS 0x00000000c3f00000, 0x00000000c3f00000| Untracked 
|  33|0x00000000c3f00000, 0x00000000c4000000, 0x00000000c4000000|100%|HS|  |TAMS 0x00000000c4000000, 0x00000000c4000000| Complete 
|  34|0x00000000c4000000, 0x00000000c4100000, 0x00000000c4100000|100%|HC|  |TAMS 0x00000000c4100000, 0x00000000c4100000| Complete 
|  35|0x00000000c4100000, 0x00000000c4200000, 0x00000000c4200000|100%| O|  |TAMS 0x00000000c4200000, 0x00000000c4200000| Untracked 
|  36|0x00000000c4200000, 0x00000000c4300000, 0x00000000c4300000|100%| O|  |TAMS 0x00000000c4300000, 0x00000000c4300000| Untracked 
|  37|0x00000000c4300000, 0x00000000c4400000, 0x00000000c4400000|100%| O|  |TAMS 0x00000000c4400000, 0x00000000c4400000| Untracked 
|  38|0x00000000c4400000, 0x00000000c4500000, 0x00000000c4500000|100%| O|  |TAMS 0x00000000c4500000, 0x00000000c4500000| Untracked 
|  39|0x00000000c4500000, 0x00000000c4600000, 0x00000000c4600000|100%| O|  |TAMS 0x00000000c4600000, 0x00000000c4600000| Untracked 
|  40|0x00000000c4600000, 0x00000000c4700000, 0x00000000c4700000|100%| O|  |TAMS 0x00000000c4700000, 0x00000000c4700000| Untracked 
|  41|0x00000000c4700000, 0x00000000c4800000, 0x00000000c4800000|100%| O|  |TAMS 0x00000000c4800000, 0x00000000c4800000| Untracked 
|  42|0x00000000c4800000, 0x00000000c4900000, 0x00000000c4900000|100%| O|  |TAMS 0x00000000c4900000, 0x00000000c4900000| Untracked 
|  43|0x00000000c4900000, 0x00000000c4900000, 0x00000000c4a00000|  0%| F|  |TAMS 0x00000000c4900000, 0x00000000c4900000| Untracked 
|  44|0x00000000c4a00000, 0x00000000c4a00000, 0x00000000c4b00000|  0%| F|  |TAMS 0x00000000c4a00000, 0x00000000c4a00000| Untracked 
|  45|0x00000000c4b00000, 0x00000000c4b00000, 0x00000000c4c00000|  0%| F|  |TAMS 0x00000000c4b00000, 0x00000000c4b00000| Untracked 
|  46|0x00000000c4c00000, 0x00000000c4c00000, 0x00000000c4d00000|  0%| F|  |TAMS 0x00000000c4c00000, 0x00000000c4c00000| Untracked 
|  47|0x00000000c4d00000, 0x00000000c4d00000, 0x00000000c4e00000|  0%| F|  |TAMS 0x00000000c4d00000, 0x00000000c4d00000| Untracked 
|  48|0x00000000c4e00000, 0x00000000c4e00000, 0x00000000c4f00000|  0%| F|  |TAMS 0x00000000c4e00000, 0x00000000c4e00000| Untracked 
|  49|0x00000000c4f00000, 0x00000000c4f00000, 0x00000000c5000000|  0%| F|  |TAMS 0x00000000c4f00000, 0x00000000c4f00000| Untracked 
|  50|0x00000000c5000000, 0x00000000c500f860, 0x00000000c5100000|  6%| S|CS|TAMS 0x00000000c5000000, 0x00000000c5000000| Complete 
|  51|0x00000000c5100000, 0x00000000c5200000, 0x00000000c5200000|100%| S|CS|TAMS 0x00000000c5100000, 0x00000000c5100000| Complete 
|  52|0x00000000c5200000, 0x00000000c5200000, 0x00000000c5300000|  0%| F|  |TAMS 0x00000000c5200000, 0x00000000c5200000| Untracked 
|  53|0x00000000c5300000, 0x00000000c5300000, 0x00000000c5400000|  0%| F|  |TAMS 0x00000000c5300000, 0x00000000c5300000| Untracked 
|  54|0x00000000c5400000, 0x00000000c5400000, 0x00000000c5500000|  0%| F|  |TAMS 0x00000000c5400000, 0x00000000c5400000| Untracked 
|  55|0x00000000c5500000, 0x00000000c5500000, 0x00000000c5600000|  0%| F|  |TAMS 0x00000000c5500000, 0x00000000c5500000| Untracked 
|  56|0x00000000c5600000, 0x00000000c5600000, 0x00000000c5700000|  0%| F|  |TAMS 0x00000000c5600000, 0x00000000c5600000| Untracked 
|  57|0x00000000c5700000, 0x00000000c5700000, 0x00000000c5800000|  0%| F|  |TAMS 0x00000000c5700000, 0x00000000c5700000| Untracked 
|  58|0x00000000c5800000, 0x00000000c5800000, 0x00000000c5900000|  0%| F|  |TAMS 0x00000000c5800000, 0x00000000c5800000| Untracked 
|  59|0x00000000c5900000, 0x00000000c5900000, 0x00000000c5a00000|  0%| F|  |TAMS 0x00000000c5900000, 0x00000000c5900000| Untracked 
|  60|0x00000000c5a00000, 0x00000000c5a00000, 0x00000000c5b00000|  0%| F|  |TAMS 0x00000000c5a00000, 0x00000000c5a00000| Untracked 
|  61|0x00000000c5b00000, 0x00000000c5b00000, 0x00000000c5c00000|  0%| F|  |TAMS 0x00000000c5b00000, 0x00000000c5b00000| Untracked 
|  62|0x00000000c5c00000, 0x00000000c5c00000, 0x00000000c5d00000|  0%| F|  |TAMS 0x00000000c5c00000, 0x00000000c5c00000| Untracked 
|  63|0x00000000c5d00000, 0x00000000c5d00000, 0x00000000c5e00000|  0%| F|  |TAMS 0x00000000c5d00000, 0x00000000c5d00000| Untracked 
|  64|0x00000000c5e00000, 0x00000000c5e00000, 0x00000000c5f00000|  0%| F|  |TAMS 0x00000000c5e00000, 0x00000000c5e00000| Untracked 
|  65|0x00000000c5f00000, 0x00000000c5f00000, 0x00000000c6000000|  0%| F|  |TAMS 0x00000000c5f00000, 0x00000000c5f00000| Untracked 
|  66|0x00000000c6000000, 0x00000000c6000000, 0x00000000c6100000|  0%| F|  |TAMS 0x00000000c6000000, 0x00000000c6000000| Untracked 
|  67|0x00000000c6100000, 0x00000000c6100000, 0x00000000c6200000|  0%| F|  |TAMS 0x00000000c6100000, 0x00000000c6100000| Untracked 
|  68|0x00000000c6200000, 0x00000000c6200000, 0x00000000c6300000|  0%| F|  |TAMS 0x00000000c6200000, 0x00000000c6200000| Untracked 

Card table byte_map: [0x00000228b6a90000,0x00000228b6c90000] _byte_map_base: 0x00000228b6481000

Marking Bits (Prev, Next): (CMBitMap*) 0x000002289e23d780, (CMBitMap*) 0x000002289e23d740
 Prev Bits: [0x00000228b7e20000, 0x00000228b8da8000)
 Next Bits: [0x00000228b6e90000, 0x00000228b7e18000)

Polling page: 0x000002289e0d0000

Metaspace:

Usage:
  Non-class:     24.29 MB used.
      Class:      3.05 MB used.
       Both:     27.35 MB used.

Virtual space:
  Non-class space:       32.00 MB reserved,      24.50 MB ( 77%) committed,  4 nodes.
      Class space:        1.00 GB reserved,       3.19 MB ( <1%) committed,  1 nodes.
             Both:        1.03 GB reserved,      27.69 MB (  3%) committed. 

Chunk freelists:
   Non-Class:  3.35 MB
       Class:  844.00 KB
        Both:  4.18 MB

MaxMetaspaceSize: unlimited
CompressedClassSpaceSize: 1.00 GB
Initial GC threshold: 21.00 MB
Current GC threshold: 44.94 MB
CDS: on
MetaspaceReclaimPolicy: balanced
 - commit_granule_bytes: 65536.
 - commit_granule_words: 8192.
 - virtual_space_node_default_size: 1048576.
 - enlarge_chunks_in_place: 1.
 - new_chunks_are_fully_committed: 0.
 - uncommit_free_chunks: 1.
 - use_allocation_guard: 0.
 - handle_deallocations: 1.


Internal statistics:

num_allocs_failed_limit: 3.
num_arena_births: 218.
num_arena_deaths: 6.
num_vsnodes_births: 5.
num_vsnodes_deaths: 0.
num_space_committed: 460.
num_space_uncommitted: 17.
num_chunks_returned_to_freelist: 88.
num_chunks_taken_from_freelist: 1314.
num_chunk_merges: 26.
num_chunk_splits: 890.
num_chunks_enlarged: 671.
num_purges: 2.
num_inconsistent_stats: 0.

CodeHeap 'non-profiled nmethods': size=120000Kb used=3157Kb max_used=3157Kb free=116842Kb
 bounds [0x00000228aed20000, 0x00000228af060000, 0x00000228b6250000]
CodeHeap 'profiled nmethods': size=120000Kb used=11008Kb max_used=12792Kb free=108991Kb
 bounds [0x00000228a7250000, 0x00000228a7ed0000, 0x00000228ae780000]
CodeHeap 'non-nmethods': size=5760Kb used=1231Kb max_used=1288Kb free=4528Kb
 bounds [0x00000228ae780000, 0x00000228ae9f0000, 0x00000228aed20000]
 total_blobs=5988 nmethods=5449 adapters=451
 compilation: enabled
              stopped_count=0, restarted_count=0
 full_count=0

Compilation events (20 events):
Event: 44.548 Thread 0x00000228bb379cd0 6411       3       jdk.internal.math.FDBigInteger::<init> (30 bytes)
Event: 44.548 Thread 0x00000228bb379cd0 nmethod 6411 0x00000228a7b15510 code [0x00000228a7b156c0, 0x00000228a7b158c8]
Event: 44.548 Thread 0x00000228bb379cd0 6412       3       jdk.internal.math.FDBigInteger::trimLeadingZeros (57 bytes)
Event: 44.548 Thread 0x00000228bb379cd0 nmethod 6412 0x00000228a770bc90 code [0x00000228a770be40, 0x00000228a770c118]
Event: 44.588 Thread 0x00000228bb379cd0 6414       3       java.lang.invoke.InvokerBytecodeGenerator::emitLoadInsn (21 bytes)
Event: 44.589 Thread 0x00000228bb379cd0 nmethod 6414 0x00000228a7717610 code [0x00000228a77177c0, 0x00000228a7717a18]
Event: 44.589 Thread 0x00000228bb379cd0 6415       3       java.lang.invoke.InvokerBytecodeGenerator::emitPushArgument (150 bytes)
Event: 44.591 Thread 0x00000228bb379cd0 nmethod 6415 0x00000228a7315c10 code [0x00000228a7315ee0, 0x00000228a7316dc8]
Event: 44.592 Thread 0x00000228bb379230 6416       4       jdk.internal.org.objectweb.asm.SymbolTable::addConstantUtf8Reference (101 bytes)
Event: 44.633 Thread 0x00000228bb379cd0 6421       3       org.eclipse.aether.resolution.ArtifactRequest::setTrace (7 bytes)
Event: 44.634 Thread 0x00000228bb379cd0 nmethod 6421 0x00000228a7523210 code [0x00000228a75233a0, 0x00000228a75234f8]
Event: 44.647 Thread 0x00000228bb379230 nmethod 6416 0x00000228aed65610 code [0x00000228aed657e0, 0x00000228aed66718]
Event: 44.647 Thread 0x00000228bb379230 6420       4       java.lang.ThreadLocal$ThreadLocalMap::getEntry (42 bytes)
Event: 44.650 Thread 0x00000228bb379230 nmethod 6420 0x00000228aed65210 code [0x00000228aed653a0, 0x00000228aed654c8]
Event: 44.651 Thread 0x00000228bb379cd0 6422       3       org.apache.maven.model.building.DefaultModelBuilder::getCache (50 bytes)
Event: 44.652 Thread 0x00000228bb379cd0 nmethod 6422 0x00000228a7bcee90 code [0x00000228a7bcf0a0, 0x00000228a7bcf7d8]
Event: 44.652 Thread 0x00000228bb379cd0 6423       1       org.apache.maven.model.building.ModelCacheTag$1::getType (3 bytes)
Event: 44.652 Thread 0x00000228bb379cd0 nmethod 6423 0x00000228aed64d10 code [0x00000228aed64ea0, 0x00000228aed64f78]
Event: 44.654 Thread 0x00000228bb379230 6424       4       java.util.ArrayList::listIterator (10 bytes)
Event: 44.656 Thread 0x00000228bb379230 nmethod 6424 0x00000228aee63410 code [0x00000228aee635a0, 0x00000228aee63698]

GC Heap History (20 events):
Event: 34.472 GC heap after
{Heap after GC invocations=13 (full 0):
 garbage-first heap   total 65536K, used 34179K [0x00000000c1e00000, 0x0000000100000000)
  region size 1024K, 2 young (2048K), 2 survivors (2048K)
 Metaspace       used 27218K, committed 27584K, reserved 1081344K
  class space    used 3093K, committed 3264K, reserved 1048576K
}
Event: 34.617 GC heap before
{Heap before GC invocations=13 (full 0):
 garbage-first heap   total 65536K, used 34179K [0x00000000c1e00000, 0x0000000100000000)
  region size 1024K, 3 young (3072K), 2 survivors (2048K)
 Metaspace       used 27225K, committed 27584K, reserved 1081344K
  class space    used 3093K, committed 3264K, reserved 1048576K
}
Event: 34.623 GC heap after
{Heap after GC invocations=14 (full 0):
 garbage-first heap   total 65536K, used 34139K [0x00000000c1e00000, 0x0000000100000000)
  region size 1024K, 2 young (2048K), 2 survivors (2048K)
 Metaspace       used 27225K, committed 27584K, reserved 1081344K
  class space    used 3093K, committed 3264K, reserved 1048576K
}
Event: 36.100 GC heap before
{Heap before GC invocations=15 (full 0):
 garbage-first heap   total 65536K, used 49499K [0x00000000c1e00000, 0x0000000100000000)
  region size 1024K, 18 young (18432K), 2 survivors (2048K)
 Metaspace       used 27293K, committed 27648K, reserved 1081344K
  class space    used 3094K, committed 3264K, reserved 1048576K
}
Event: 36.120 GC heap after
{Heap after GC invocations=16 (full 0):
 garbage-first heap   total 65536K, used 42146K [0x00000000c1e00000, 0x0000000100000000)
  region size 1024K, 3 young (3072K), 3 survivors (3072K)
 Metaspace       used 27293K, committed 27648K, reserved 1081344K
  class space    used 3094K, committed 3264K, reserved 1048576K
}
Event: 36.141 GC heap before
{Heap before GC invocations=16 (full 0):
 garbage-first heap   total 65536K, used 43170K [0x00000000c1e00000, 0x0000000100000000)
  region size 1024K, 4 young (4096K), 3 survivors (3072K)
 Metaspace       used 27296K, committed 27648K, reserved 1081344K
  class space    used 3094K, committed 3264K, reserved 1048576K
}
Event: 36.156 GC heap after
{Heap after GC invocations=17 (full 0):
 garbage-first heap   total 65536K, used 38331K [0x00000000c1e00000, 0x0000000100000000)
  region size 1024K, 1 young (1024K), 1 survivors (1024K)
 Metaspace       used 27296K, committed 27648K, reserved 1081344K
  class space    used 3094K, committed 3264K, reserved 1048576K
}
Event: 37.225 GC heap before
{Heap before GC invocations=17 (full 0):
 garbage-first heap   total 65536K, used 48571K [0x00000000c1e00000, 0x0000000100000000)
  region size 1024K, 11 young (11264K), 1 survivors (1024K)
 Metaspace       used 27315K, committed 27648K, reserved 1081344K
  class space    used 3094K, committed 3264K, reserved 1048576K
}
Event: 37.233 GC heap after
{Heap after GC invocations=18 (full 0):
 garbage-first heap   total 65536K, used 42415K [0x00000000c1e00000, 0x0000000100000000)
  region size 1024K, 2 young (2048K), 2 survivors (2048K)
 Metaspace       used 27315K, committed 27648K, reserved 1081344K
  class space    used 3094K, committed 3264K, reserved 1048576K
}
Event: 39.464 GC heap before
{Heap before GC invocations=19 (full 0):
 garbage-first heap   total 70656K, used 48559K [0x00000000c1e00000, 0x0000000100000000)
  region size 1024K, 10 young (10240K), 2 survivors (2048K)
 Metaspace       used 26096K, committed 26624K, reserved 1081344K
  class space    used 2923K, committed 3200K, reserved 1048576K
}
Event: 39.471 GC heap after
{Heap after GC invocations=20 (full 0):
 garbage-first heap   total 70656K, used 41279K [0x00000000c1e00000, 0x0000000100000000)
  region size 1024K, 1 young (1024K), 1 survivors (1024K)
 Metaspace       used 26096K, committed 26624K, reserved 1081344K
  class space    used 2923K, committed 3200K, reserved 1048576K
}
Event: 39.569 GC heap before
{Heap before GC invocations=20 (full 0):
 garbage-first heap   total 70656K, used 42303K [0x00000000c1e00000, 0x0000000100000000)
  region size 1024K, 3 young (3072K), 1 survivors (1024K)
 Metaspace       used 26148K, committed 26624K, reserved 1081344K
  class space    used 2937K, committed 3200K, reserved 1048576K
}
Event: 39.576 GC heap after
{Heap after GC invocations=21 (full 0):
 garbage-first heap   total 70656K, used 37646K [0x00000000c1e00000, 0x0000000100000000)
  region size 1024K, 1 young (1024K), 1 survivors (1024K)
 Metaspace       used 26148K, committed 26624K, reserved 1081344K
  class space    used 2937K, committed 3200K, reserved 1048576K
}
Event: 40.868 GC heap before
{Heap before GC invocations=21 (full 0):
 garbage-first heap   total 70656K, used 50958K [0x00000000c1e00000, 0x0000000100000000)
  region size 1024K, 15 young (15360K), 1 survivors (1024K)
 Metaspace       used 26862K, committed 27200K, reserved 1081344K
  class space    used 3032K, committed 3200K, reserved 1048576K
}
Event: 40.870 GC heap after
{Heap after GC invocations=22 (full 0):
 garbage-first heap   total 70656K, used 37698K [0x00000000c1e00000, 0x0000000100000000)
  region size 1024K, 1 young (1024K), 1 survivors (1024K)
 Metaspace       used 26862K, committed 27200K, reserved 1081344K
  class space    used 3032K, committed 3200K, reserved 1048576K
}
Event: 42.747 GC heap before
{Heap before GC invocations=23 (full 0):
 garbage-first heap   total 70656K, used 52034K [0x00000000c1e00000, 0x0000000100000000)
  region size 1024K, 16 young (16384K), 1 survivors (1024K)
 Metaspace       used 27118K, committed 27456K, reserved 1081344K
  class space    used 3057K, committed 3200K, reserved 1048576K
}
Event: 42.753 GC heap after
{Heap after GC invocations=24 (full 0):
 garbage-first heap   total 70656K, used 38398K [0x00000000c1e00000, 0x0000000100000000)
  region size 1024K, 1 young (1024K), 1 survivors (1024K)
 Metaspace       used 27118K, committed 27456K, reserved 1081344K
  class space    used 3057K, committed 3200K, reserved 1048576K
}
Event: 42.876 GC heap before
{Heap before GC invocations=24 (full 0):
 garbage-first heap   total 70656K, used 40446K [0x00000000c1e00000, 0x0000000100000000)
  region size 1024K, 3 young (3072K), 1 survivors (1024K)
 Metaspace       used 27127K, committed 27456K, reserved 1081344K
  class space    used 3057K, committed 3200K, reserved 1048576K
}
Event: 42.883 GC heap after
{Heap after GC invocations=25 (full 0):
 garbage-first heap   total 70656K, used 37228K [0x00000000c1e00000, 0x0000000100000000)
  region size 1024K, 1 young (1024K), 1 survivors (1024K)
 Metaspace       used 27127K, committed 27456K, reserved 1081344K
  class space    used 3057K, committed 3200K, reserved 1048576K
}
Event: 44.665 GC heap before
{Heap before GC invocations=25 (full 0):
 garbage-first heap   total 70656K, used 53612K [0x00000000c1e00000, 0x0000000100000000)
  region size 1024K, 17 young (17408K), 1 survivors (1024K)
 Metaspace       used 28003K, committed 28352K, reserved 1081344K
  class space    used 3126K, committed 3264K, reserved 1048576K
}

Deoptimization events (20 events):
Event: 44.439 Thread 0x000002289e202a90 Uncommon trap: trap_request=0xffffffde fr.pc=0x00000228aee080b8 relative=0x00000000000004d8
Event: 44.439 Thread 0x000002289e202a90 Uncommon trap: reason=class_check action=maybe_recompile pc=0x00000228aee080b8 method=com.google.inject.internal.MoreTypes.getRawType(Ljava/lang/reflect/Type;)Ljava/lang/Class; @ 13 c2
Event: 44.439 Thread 0x000002289e202a90 DEOPT PACKING pc=0x00000228aee080b8 sp=0x000000ee7f0fdf70
Event: 44.440 Thread 0x000002289e202a90 DEOPT UNPACKING pc=0x00000228ae7d239d sp=0x000000ee7f0fdeb8 mode 2
Event: 44.442 Thread 0x000002289e202a90 Uncommon trap: trap_request=0xffffffde fr.pc=0x00000228aee080b8 relative=0x00000000000004d8
Event: 44.442 Thread 0x000002289e202a90 Uncommon trap: reason=class_check action=maybe_recompile pc=0x00000228aee080b8 method=com.google.inject.internal.MoreTypes.getRawType(Ljava/lang/reflect/Type;)Ljava/lang/Class; @ 13 c2
Event: 44.442 Thread 0x000002289e202a90 DEOPT PACKING pc=0x00000228aee080b8 sp=0x000000ee7f0fdf70
Event: 44.442 Thread 0x000002289e202a90 DEOPT UNPACKING pc=0x00000228ae7d239d sp=0x000000ee7f0fdeb8 mode 2
Event: 44.442 Thread 0x000002289e202a90 Uncommon trap: trap_request=0xffffffde fr.pc=0x00000228aee080b8 relative=0x00000000000004d8
Event: 44.442 Thread 0x000002289e202a90 Uncommon trap: reason=class_check action=maybe_recompile pc=0x00000228aee080b8 method=com.google.inject.internal.MoreTypes.getRawType(Ljava/lang/reflect/Type;)Ljava/lang/Class; @ 13 c2
Event: 44.442 Thread 0x000002289e202a90 DEOPT PACKING pc=0x00000228aee080b8 sp=0x000000ee7f0fdf70
Event: 44.442 Thread 0x000002289e202a90 DEOPT UNPACKING pc=0x00000228ae7d239d sp=0x000000ee7f0fdeb8 mode 2
Event: 44.443 Thread 0x000002289e202a90 Uncommon trap: trap_request=0xffffffde fr.pc=0x00000228aee080b8 relative=0x00000000000004d8
Event: 44.443 Thread 0x000002289e202a90 Uncommon trap: reason=class_check action=maybe_recompile pc=0x00000228aee080b8 method=com.google.inject.internal.MoreTypes.getRawType(Ljava/lang/reflect/Type;)Ljava/lang/Class; @ 13 c2
Event: 44.443 Thread 0x000002289e202a90 DEOPT PACKING pc=0x00000228aee080b8 sp=0x000000ee7f0fdf70
Event: 44.443 Thread 0x000002289e202a90 DEOPT UNPACKING pc=0x00000228ae7d239d sp=0x000000ee7f0fdeb8 mode 2
Event: 44.443 Thread 0x000002289e202a90 Uncommon trap: trap_request=0xffffffde fr.pc=0x00000228aede8124 relative=0x0000000000000084
Event: 44.443 Thread 0x000002289e202a90 Uncommon trap: reason=class_check action=maybe_recompile pc=0x00000228aede8124 method=com.google.inject.internal.MoreTypes.getRawType(Ljava/lang/reflect/Type;)Ljava/lang/Class; @ 13 c2
Event: 44.443 Thread 0x000002289e202a90 DEOPT PACKING pc=0x00000228aede8124 sp=0x000000ee7f0fdf10
Event: 44.443 Thread 0x000002289e202a90 DEOPT UNPACKING pc=0x00000228ae7d239d sp=0x000000ee7f0fdea0 mode 2

Classes unloaded (20 events):
Event: 37.348 Thread 0x00000228bb350a30 Unloading class 0x0000000800ed6c00 'lombok/javac/apt/LombokFileObject'
Event: 37.348 Thread 0x00000228bb350a30 Unloading class 0x0000000800ed6a00 'lombok/javac/apt/LombokFileObjects'
Event: 37.348 Thread 0x00000228bb350a30 Unloading class 0x0000000800ed67c8 'lombok/javac/apt/MessagerDiagnosticsReceiver'
Event: 37.348 Thread 0x00000228bb350a30 Unloading class 0x0000000800ed6420 'lombok/javac/apt/InterceptingJavaFileManager'
Event: 37.348 Thread 0x00000228bb350a30 Unloading class 0x0000000800ed6218 'lombok/permit/dummy/Parent'
Event: 37.348 Thread 0x00000228bb350a30 Unloading class 0x0000000800ed6000 'lombok/core/CleanupRegistry'
Event: 37.348 Thread 0x00000228bb350a30 Unloading class 0x0000000800ed5ce8 'lombok/permit/Permit$Fake'
Event: 37.348 Thread 0x00000228bb350a30 Unloading class 0x0000000800ed5ae8 'lombok/permit/Permit'
Event: 37.348 Thread 0x00000228bb350a30 Unloading class 0x0000000800ed4d88 'lombok/core/DiagnosticsReceiver'
Event: 37.348 Thread 0x00000228bb350a30 Unloading class 0x0000000800ed5800 'lombok/javac/apt/LombokProcessor$1'
Event: 37.348 Thread 0x00000228bb350a30 Unloading class 0x0000000800ed4af0 'lombok/javac/apt/LombokProcessor'
Event: 37.348 Thread 0x00000228bb350a30 Unloading class 0x0000000800ed48c0 'lombok/core/AnnotationProcessor$EcjDescriptor'
Event: 37.348 Thread 0x00000228bb350a30 Unloading class 0x0000000800ed4688 'lombok/core/AnnotationProcessor$JavacDescriptor'
Event: 37.348 Thread 0x00000228bb350a30 Unloading class 0x0000000800ed4280 'lombok/core/AnnotationProcessor$ProcessorDescriptor'
Event: 37.348 Thread 0x00000228bb350a30 Unloading class 0x0000000800ed4000 'lombok/core/AnnotationProcessor'
Event: 37.348 Thread 0x00000228bb350a30 Unloading class 0x0000000800ed5200 'lombok/launch/AnnotationProcessorHider$ClaimingProcessor'
Event: 37.348 Thread 0x00000228bb350a30 Unloading class 0x0000000800ed5000 'lombok/launch/AnnotationProcessorHider$AstModificationNotifierData'
Event: 37.348 Thread 0x00000228bb350a30 Unloading class 0x0000000800eb0480 'lombok/launch/ShadowClassLoader'
Event: 37.348 Thread 0x00000228bb350a30 Unloading class 0x0000000800eb0280 'lombok/launch/Main'
Event: 37.348 Thread 0x00000228bb350a30 Unloading class 0x0000000800eb0000 'lombok/launch/AnnotationProcessorHider$AnnotationProcessor'

Classes redefined (0 events):
No events

Internal exceptions (20 events):
Event: 41.245 Thread 0x000002289e202a90 Exception <a 'sun/nio/fs/WindowsException'{0x00000000c60b8f80}> (0x00000000c60b8f80) 
thrown [s\open\src\hotspot\share\prims\jni.cpp, line 516]
Event: 41.268 Thread 0x000002289e202a90 Exception <a 'sun/nio/fs/WindowsException'{0x00000000c60de630}> (0x00000000c60de630) 
thrown [s\open\src\hotspot\share\prims\jni.cpp, line 516]
Event: 41.269 Thread 0x000002289e202a90 Exception <a 'sun/nio/fs/WindowsException'{0x00000000c60de8e0}> (0x00000000c60de8e0) 
thrown [s\open\src\hotspot\share\prims\jni.cpp, line 516]
Event: 41.270 Thread 0x000002289e202a90 Exception <a 'sun/nio/fs/WindowsException'{0x00000000c60df7d8}> (0x00000000c60df7d8) 
thrown [s\open\src\hotspot\share\prims\jni.cpp, line 516]
Event: 41.270 Thread 0x000002289e202a90 Exception <a 'sun/nio/fs/WindowsException'{0x00000000c60dfb50}> (0x00000000c60dfb50) 
thrown [s\open\src\hotspot\share\prims\jni.cpp, line 516]
Event: 41.272 Thread 0x000002289e202a90 Exception <a 'sun/nio/fs/WindowsException'{0x00000000c60e0b20}> (0x00000000c60e0b20) 
thrown [s\open\src\hotspot\share\prims\jni.cpp, line 516]
Event: 41.273 Thread 0x000002289e202a90 Exception <a 'sun/nio/fs/WindowsException'{0x00000000c60e0df0}> (0x00000000c60e0df0) 
thrown [s\open\src\hotspot\share\prims\jni.cpp, line 516]
Event: 41.328 Thread 0x000002289e202a90 Exception <a 'sun/nio/fs/WindowsException'{0x00000000c5fbfde0}> (0x00000000c5fbfde0) 
thrown [s\open\src\hotspot\share\prims\jni.cpp, line 516]
Event: 41.428 Thread 0x000002289e202a90 Exception <a 'sun/nio/fs/WindowsException'{0x00000000c5fd5758}> (0x00000000c5fd5758) 
thrown [s\open\src\hotspot\share\prims\jni.cpp, line 516]
Event: 41.442 Thread 0x000002289e202a90 Exception <a 'sun/nio/fs/WindowsException'{0x00000000c5fdd5c8}> (0x00000000c5fdd5c8) 
thrown [s\open\src\hotspot\share\prims\jni.cpp, line 516]
Event: 41.442 Thread 0x000002289e202a90 Exception <a 'sun/nio/fs/WindowsException'{0x00000000c5fddce8}> (0x00000000c5fddce8) 
thrown [s\open\src\hotspot\share\prims\jni.cpp, line 516]
Event: 41.443 Thread 0x000002289e202a90 Exception <a 'sun/nio/fs/WindowsException'{0x00000000c5fde2a8}> (0x00000000c5fde2a8) 
thrown [s\open\src\hotspot\share\prims\jni.cpp, line 516]
Event: 41.444 Thread 0x000002289e202a90 Exception <a 'sun/nio/fs/WindowsException'{0x00000000c5fde9a8}> (0x00000000c5fde9a8) 
thrown [s\open\src\hotspot\share\prims\jni.cpp, line 516]
Event: 41.444 Thread 0x000002289e202a90 Exception <a 'sun/nio/fs/WindowsException'{0x00000000c5fdec58}> (0x00000000c5fdec58) 
thrown [s\open\src\hotspot\share\prims\jni.cpp, line 516]
Event: 41.444 Thread 0x000002289e202a90 Exception <a 'sun/nio/fs/WindowsException'{0x00000000c5fdf8c0}> (0x00000000c5fdf8c0) 
thrown [s\open\src\hotspot\share\prims\jni.cpp, line 516]
Event: 41.445 Thread 0x000002289e202a90 Exception <a 'sun/nio/fs/WindowsException'{0x00000000c5fdfb40}> (0x00000000c5fdfb40) 
thrown [s\open\src\hotspot\share\prims\jni.cpp, line 516]
Event: 41.445 Thread 0x000002289e202a90 Exception <a 'sun/nio/fs/WindowsException'{0x00000000c5fe07a0}> (0x00000000c5fe07a0) 
thrown [s\open\src\hotspot\share\prims\jni.cpp, line 516]
Event: 44.590 Thread 0x00000228bda56c10 Exception <a 'java/lang/NoSuchMethodError'{0x00000000c522a240}: 'java.lang.Object java.lang.invoke.DirectMethodHandle$Holder.invokeStaticInit(java.lang.Object, java.lang.Object, long, java.lang.Object)'> (0x00000000c522a240) 
thrown [s\open\src\hotspot\share\interpreter\linkResolver.cpp, line 759]
Event: 44.594 Thread 0x00000228bda56c10 Exception <a 'java/lang/NoSuchMethodError'{0x00000000c5230980}: 'java.lang.Object java.lang.invoke.DirectMethodHandle$Holder.newInvokeSpecial(java.lang.Object, java.lang.Object, long)'> (0x00000000c5230980) 
thrown [s\open\src\hotspot\share\interpreter\linkResolver.cpp, line 759]
Event: 44.595 Thread 0x00000228bda56c10 Exception <a 'java/lang/NoSuchMethodError'{0x00000000c52344f0}: 'java.lang.Object java.lang.invoke.Invokers$Holder.linkToTargetMethod(java.lang.Object, long, java.lang.Object)'> (0x00000000c52344f0) 
thrown [s\open\src\hotspot\share\interpreter\linkResolver.cpp, line 759]

VM Operations (20 events):
Event: 40.581 Executing VM operation: Cleanup done
Event: 40.867 Executing VM operation: G1CollectForAllocation
Event: 40.870 Executing VM operation: G1CollectForAllocation done
Event: 40.988 Executing VM operation: G1Concurrent
Event: 40.996 Executing VM operation: G1Concurrent done
Event: 41.052 Executing VM operation: G1Concurrent
Event: 41.052 Executing VM operation: G1Concurrent done
Event: 42.062 Executing VM operation: Cleanup
Event: 42.063 Executing VM operation: Cleanup done
Event: 42.747 Executing VM operation: G1CollectForAllocation
Event: 42.753 Executing VM operation: G1CollectForAllocation done
Event: 42.876 Executing VM operation: G1CollectForAllocation
Event: 42.883 Executing VM operation: G1CollectForAllocation done
Event: 43.889 Executing VM operation: Cleanup
Event: 43.889 Executing VM operation: Cleanup done
Event: 44.386 Executing VM operation: HandshakeAllThreads
Event: 44.386 Executing VM operation: HandshakeAllThreads done
Event: 44.607 Executing VM operation: HandshakeAllThreads
Event: 44.607 Executing VM operation: HandshakeAllThreads done
Event: 44.665 Executing VM operation: G1CollectForAllocation

Events (20 events):
Event: 44.561 loading class java/lang/ProcessHandle$Info done
Event: 44.561 loading class java/util/concurrent/CompletableFuture
Event: 44.568 loading class java/util/concurrent/CompletionStage
Event: 44.573 loading class java/util/concurrent/CompletionStage done
Event: 44.573 loading class java/util/concurrent/CompletableFuture done
Event: 44.574 loading class java/lang/ProcessHandleImpl
Event: 44.583 loading class java/lang/ProcessHandleImpl done
Event: 44.597 loading class java/security/AccessControlException
Event: 44.600 loading class java/util/concurrent/SynchronousQueue
Event: 44.602 loading class java/util/concurrent/SynchronousQueue done
Event: 44.603 loading class java/util/concurrent/SynchronousQueue$TransferStack
Event: 44.603 loading class java/security/AccessControlException done
Event: 44.605 loading class java/util/concurrent/SynchronousQueue$Transferer
Event: 44.605 loading class java/util/concurrent/SynchronousQueue$Transferer done
Event: 44.607 loading class java/util/concurrent/SynchronousQueue$TransferStack done
Event: 44.609 loading class java/util/concurrent/SynchronousQueue$TransferStack$SNode
Event: 44.610 loading class java/util/concurrent/ForkJoinPool$ManagedBlocker
Event: 44.612 loading class java/util/concurrent/ForkJoinPool$ManagedBlocker done
Event: 44.612 loading class java/util/concurrent/SynchronousQueue$TransferStack$SNode done
Event: 44.614 Thread 0x00000228bda56c10 Thread exited: 0x00000228bda56c10


Dynamic libraries:
0x00007ff60bab0000 - 0x00007ff60bac0000 	C:\Develop\jdk17\jdk-17_windows-x64_bin\jdk-17.0.6\bin\java.exe
0x00007fffd57b0000 - 0x00007fffd59a8000 	C:\WINDOWS\SYSTEM32\ntdll.dll
0x00007fffd4ad0000 - 0x00007fffd4b8f000 	C:\WINDOWS\System32\KERNEL32.DLL
0x00007fffd3510000 - 0x00007fffd3806000 	C:\WINDOWS\System32\KERNELBASE.dll
0x00007fffd3090000 - 0x00007fffd3190000 	C:\WINDOWS\System32\ucrtbase.dll
0x00007fffc2eb0000 - 0x00007fffc2ec8000 	C:\Develop\jdk17\jdk-17_windows-x64_bin\jdk-17.0.6\bin\jli.dll
0x00007fffd3cb0000 - 0x00007fffd3d5f000 	C:\WINDOWS\System32\ADVAPI32.dll
0x00007fffd5060000 - 0x00007fffd50fe000 	C:\WINDOWS\System32\msvcrt.dll
0x00007fffd3e20000 - 0x00007fffd3ebc000 	C:\WINDOWS\System32\sechost.dll
0x00007fffd3f60000 - 0x00007fffd4086000 	C:\WINDOWS\System32\RPCRT4.dll
0x00007fffbc080000 - 0x00007fffbc09b000 	C:\Develop\jdk17\jdk-17_windows-x64_bin\jdk-17.0.6\bin\VCRUNTIME140.dll
0x00007fffd5220000 - 0x00007fffd53bd000 	C:\WINDOWS\System32\USER32.dll
0x00007fffd34e0000 - 0x00007fffd3502000 	C:\WINDOWS\System32\win32u.dll
0x00007fffbf920000 - 0x00007fffbfbba000 	C:\WINDOWS\WinSxS\amd64_microsoft.windows.common-controls_6595b64144ccf1df_6.0.19041.1110_none_60b5254171f9507e\COMCTL32.dll
0x00007fffd3ec0000 - 0x00007fffd3eec000 	C:\WINDOWS\System32\GDI32.dll
0x00007fffd3370000 - 0x00007fffd3485000 	C:\WINDOWS\System32\gdi32full.dll
0x00007fffd2e90000 - 0x00007fffd2f2d000 	C:\WINDOWS\System32\msvcp_win.dll
0x00007fffc9780000 - 0x00007fffc978a000 	C:\WINDOWS\SYSTEM32\VERSION.dll
0x00007fffd3df0000 - 0x00007fffd3e20000 	C:\WINDOWS\System32\IMM32.DLL
0x00007fffce460000 - 0x00007fffce46c000 	C:\Develop\jdk17\jdk-17_windows-x64_bin\jdk-17.0.6\bin\vcruntime140_1.dll
0x00007fffaef30000 - 0x00007fffaefbe000 	C:\Develop\jdk17\jdk-17_windows-x64_bin\jdk-17.0.6\bin\msvcp140.dll
0x00007fff74510000 - 0x00007fff750e7000 	C:\Develop\jdk17\jdk-17_windows-x64_bin\jdk-17.0.6\bin\server\jvm.dll
0x00007fffb9860000 - 0x00007fffb9869000 	C:\WINDOWS\SYSTEM32\WSOCK32.dll
0x00007fffbce70000 - 0x00007fffbce97000 	C:\WINDOWS\SYSTEM32\WINMM.dll
0x00007fffd3ef0000 - 0x00007fffd3f5b000 	C:\WINDOWS\System32\WS2_32.dll
0x00007fffd4990000 - 0x00007fffd4998000 	C:\WINDOWS\System32\PSAPI.DLL
0x00007fffd16e0000 - 0x00007fffd16f2000 	C:\WINDOWS\SYSTEM32\kernel.appcore.dll
0x00007fffcdf80000 - 0x00007fffcdf8a000 	C:\Develop\jdk17\jdk-17_windows-x64_bin\jdk-17.0.6\bin\jimage.dll
0x00007fffd1370000 - 0x00007fffd1554000 	C:\WINDOWS\SYSTEM32\DBGHELP.DLL
0x00007fffb9780000 - 0x00007fffb97b4000 	C:\WINDOWS\SYSTEM32\dbgcore.DLL
0x00007fffd3190000 - 0x00007fffd3212000 	C:\WINDOWS\System32\bcryptPrimitives.dll
0x00007fffce4b0000 - 0x00007fffce4be000 	C:\Develop\jdk17\jdk-17_windows-x64_bin\jdk-17.0.6\bin\instrument.dll
0x00007fffb98e0000 - 0x00007fffb9905000 	C:\Develop\jdk17\jdk-17_windows-x64_bin\jdk-17.0.6\bin\java.dll
0x00007fffad060000 - 0x00007fffad137000 	C:\Develop\jdk17\jdk-17_windows-x64_bin\jdk-17.0.6\bin\jsvml.dll
0x00007fffd4090000 - 0x00007fffd47d4000 	C:\WINDOWS\System32\SHELL32.dll
0x00007fffd0ab0000 - 0x00007fffd1243000 	C:\WINDOWS\SYSTEM32\windows.storage.dll
0x00007fffd3810000 - 0x00007fffd3b64000 	C:\WINDOWS\System32\combase.dll
0x00007fffd2810000 - 0x00007fffd283e000 	C:\WINDOWS\SYSTEM32\Wldp.dll
0x00007fffd53e0000 - 0x00007fffd548d000 	C:\WINDOWS\System32\SHCORE.dll
0x00007fffd3c50000 - 0x00007fffd3ca5000 	C:\WINDOWS\System32\shlwapi.dll
0x00007fffd2dd0000 - 0x00007fffd2def000 	C:\WINDOWS\SYSTEM32\profapi.dll
0x00007fffb6850000 - 0x00007fffb6868000 	C:\Develop\jdk17\jdk-17_windows-x64_bin\jdk-17.0.6\bin\zip.dll
0x00007fffbb630000 - 0x00007fffbb649000 	C:\Develop\jdk17\jdk-17_windows-x64_bin\jdk-17.0.6\bin\net.dll
0x00007fffcde20000 - 0x00007fffcdf2a000 	C:\WINDOWS\SYSTEM32\WINHTTP.dll
0x00007fffd2570000 - 0x00007fffd25da000 	C:\WINDOWS\system32\mswsock.dll
0x00007fffb9990000 - 0x00007fffb99a6000 	C:\Develop\jdk17\jdk-17_windows-x64_bin\jdk-17.0.6\bin\nio.dll
0x00007fffc9050000 - 0x00007fffc906a000 	C:\Program Files\JetBrains\IntelliJ IDEA Community Edition 2020.3.2\bin\breakgen64.dll
0x00007fffce3d0000 - 0x00007fffce3e0000 	C:\Develop\jdk17\jdk-17_windows-x64_bin\jdk-17.0.6\bin\verify.dll
0x00007fffd2760000 - 0x00007fffd2778000 	C:\WINDOWS\SYSTEM32\CRYPTSP.dll
0x00007fffd1e90000 - 0x00007fffd1ec4000 	C:\WINDOWS\system32\rsaenh.dll
0x00007fffd3340000 - 0x00007fffd3367000 	C:\WINDOWS\System32\bcrypt.dll
0x00007fffd2d90000 - 0x00007fffd2dbe000 	C:\WINDOWS\SYSTEM32\USERENV.dll
0x00007fffd2780000 - 0x00007fffd278c000 	C:\WINDOWS\SYSTEM32\CRYPTBASE.dll
0x00007fffd2260000 - 0x00007fffd229c000 	C:\WINDOWS\SYSTEM32\IPHLPAPI.DLL
0x00007fffd3d60000 - 0x00007fffd3d68000 	C:\WINDOWS\System32\NSI.dll
0x00007fffc0960000 - 0x00007fffc0977000 	C:\WINDOWS\SYSTEM32\dhcpcsvc6.DLL
0x00007fffc2e50000 - 0x00007fffc2e6d000 	C:\WINDOWS\SYSTEM32\dhcpcsvc.DLL
0x00007fffd22a0000 - 0x00007fffd236b000 	C:\WINDOWS\SYSTEM32\DNSAPI.dll
0x00007fffca770000 - 0x00007fffca77a000 	C:\Users\irimd\AppData\Local\Temp\jansi-1.17.1-3251153488153079616.dll
0x00007fffc95a0000 - 0x00007fffc95aa000 	C:\Users\irimd\AppData\Local\Temp\jansi-1.17.1-5936667748626496830.dll

dbghelp: loaded successfully - version: 4.0.5 - missing functions: none
symbol engine: initialized successfully - sym options: 0x614 - pdb path: .;C:\Develop\jdk17\jdk-17_windows-x64_bin\jdk-17.0.6\bin;C:\WINDOWS\SYSTEM32;C:\WINDOWS\WinSxS\amd64_microsoft.windows.common-controls_6595b64144ccf1df_6.0.19041.1110_none_60b5254171f9507e;C:\Develop\jdk17\jdk-17_windows-x64_bin\jdk-17.0.6\bin\server;C:\Program Files\JetBrains\IntelliJ IDEA Community Edition 2020.3.2\bin;C:\Users\irimd\AppData\Local\Temp

VM Arguments:
jvm_args: -Dmaven.multiModuleProjectDirectory=C:\Daten\Entwicklung\mailservice -Dmaven.home=C:\Daten\Entwicklung\apache-maven-3.8.1 -Dclassworlds.conf=C:\Daten\Entwicklung\apache-maven-3.8.1\bin\m2.conf -Dmaven.ext.class.path=C:\Program Files\JetBrains\IntelliJ IDEA Community Edition 2020.3.2\plugins\maven\lib\maven-event-listener.jar -javaagent:C:\Program Files\JetBrains\IntelliJ IDEA Community Edition 2020.3.2\lib\idea_rt.jar=53708:C:\Program Files\JetBrains\IntelliJ IDEA Community Edition 2020.3.2\bin -Dfile.encoding=UTF-8 
java_command: org.codehaus.classworlds.Launcher -Didea.version=2020.3.2 -DskipTests=true clean install
java_class_path (initial): C:\Daten\Entwicklung\apache-maven-3.8.1\boot\plexus-classworlds-2.6.0.jar;C:\Daten\Entwicklung\apache-maven-3.8.1\boot\plexus-classworlds.license
Launcher Type: SUN_STANDARD

[Global flags]
     intx CICompilerCount                          = 3                                         {product} {ergonomic}
     uint ConcGCThreads                            = 1                                         {product} {ergonomic}
     uint G1ConcRefinementThreads                  = 4                                         {product} {ergonomic}
   size_t G1HeapRegionSize                         = 1048576                                   {product} {ergonomic}
    uintx GCDrainStackTargetSize                   = 64                                        {product} {ergonomic}
   size_t InitialHeapSize                          = 67108864                                  {product} {ergonomic}
   size_t MarkStackSize                            = 4194304                                   {product} {ergonomic}
   size_t MaxHeapSize                              = 1042284544                                {product} {ergonomic}
   size_t MaxNewSize                               = 624951296                                 {product} {ergonomic}
   size_t MinHeapDeltaBytes                        = 1048576                                   {product} {ergonomic}
   size_t MinHeapSize                              = 8388608                                   {product} {ergonomic}
    uintx NonNMethodCodeHeapSize                   = 5832780                                {pd product} {ergonomic}
    uintx NonProfiledCodeHeapSize                  = 122912730                              {pd product} {ergonomic}
    uintx ProfiledCodeHeapSize                     = 122912730                              {pd product} {ergonomic}
    uintx ReservedCodeCacheSize                    = 251658240                              {pd product} {ergonomic}
     bool SegmentedCodeCache                       = true                                      {product} {ergonomic}
   size_t SoftMaxHeapSize                          = 1042284544                             {manageable} {ergonomic}
     bool UseCompressedClassPointers               = true                           {product lp64_product} {ergonomic}
     bool UseCompressedOops                        = true                           {product lp64_product} {ergonomic}
     bool UseG1GC                                  = true                                      {product} {ergonomic}
     bool UseLargePagesIndividualAllocation        = false                                  {pd product} {ergonomic}

Logging:
Log output configuration:
 #0: stdout all=warning uptime,level,tags
 #1: stderr all=off uptime,level,tags

Environment Variables:
JAVA_HOME=C:\Develop\jdk17\jdk-17_windows-x64_bin\jdk-17.0.6
PATH=C:\Program Files (x86)\Common Files\Oracle\Java\javapath;C:\WINDOWS\system32;C:\WINDOWS;C:\WINDOWS\System32\Wbem;C:\WINDOWS\System32\WindowsPowerShell\v1.0\;C:\WINDOWS\System32\OpenSSH\;C:\Program Files\Git\cmd;C:\Program Files\apache-maven-3.8.3\bin;C:\Program Files\nodejs\;C:\Users\irimd\AppData\Local\pnpm;C:\Users\irimd\AppData\Local\Programs\Python\Python39\Scripts\;C:\Users\irimd\AppData\Local\Programs\Python\Python39\;C:\Users\irimd\AppData\Local\Microsoft\WindowsApps;C:\Program Files\gs\gs9.50\bin;C:\Users\irimd\AppData\Local\GitHubDesktop\bin;C:\development\flutter\bin;;C:\Users\irimd\AppData\Local\Microsoft\WindowsApps;C:\Users\irimd\AppData\Local\Programs\Microsoft VS Code\bin;C:\Users\irimd\AppData\Roaming\npm;C:\Users\irimd\.fly\bin
USERNAME=irimd
OS=Windows_NT
PROCESSOR_IDENTIFIER=Intel64 Family 6 Model 142 Stepping 9, GenuineIntel



---------------  S Y S T E M  ---------------

OS:
 Windows 10 , 64 bit Build 19041 (10.0.19041.2913)
OS uptime: 59 days 10:35 hours

CPU: total 4 (initial active 4) (2 cores per cpu, 2 threads per core) family 6 model 142 stepping 9 microcode 0xb4, cx8, cmov, fxsr, ht, mmx, 3dnowpref, sse, sse2, sse3, ssse3, sse4.1, sse4.2, popcnt, lzcnt, tsc, tscinvbit, aes, erms, clmul, clflush, clflushopt

Memory: 4k page, system-wide physical 3970M (176M free)
TotalPageFile size 15412M (AvailPageFile size 137M)
current process WorkingSet (physical memory assigned to process): 165M, peak: 185M
current process commit charge ("private bytes"): 207M, peak: 280M

vm_info: Java HotSpot(TM) 64-Bit Server VM (17.0.6+9-LTS-190) for windows-amd64 JRE (17.0.6+9-LTS-190), built on Dec  6 2022 15:53:54 by "mach5one" with MS VC++ 17.1 (VS2022)

END.
